<?xml version="1.0" encoding="UTF-8"?>
<!-- Generated by org.testng.reporters.JUnitReportReporter -->
<testsuite hostname="Admin-PC" failures="0" tests="1" name="automation.testsuite.Ticket_Flights_Day16" time="0.433" errors="0" timestamp="2023-07-08T10:29:20 GMT+07:00" skipped="0">
  <testcase classname="automation.testsuite.Ticket_Flights_Day16" name="BookTicket" time="0.433"/>
  <system-out/>
</testsuite> <!-- automation.testsuite.Ticket_Flights_Day16 -->
