<?xml version="1.0" encoding="UTF-8"?>
<!-- Generated by org.testng.reporters.JUnitReportReporter -->
<testsuite hostname="Admin-PC" failures="0" tests="1" name="automation.testsuite.SearchFlights_Day16" time="0.610" errors="0" timestamp="2023-07-13T19:14:56 GMT+07:00" skipped="0">
  <testcase classname="automation.testsuite.SearchFlights_Day16" name="ChooseDatePicker" time="0.610"/>
  <system-out/>
</testsuite> <!-- automation.testsuite.SearchFlights_Day16 -->
