<?xml version="1.0" encoding="UTF-8"?>
<!-- Generated by org.testng.reporters.JUnitReportReporter -->
<testsuite hostname="Admin-PC" failures="0" tests="1" name="automation.testsuite.TS_PracticeLocateElement" time="8.396" errors="0" timestamp="2023-06-30T22:58:08 GMT+07:00" skipped="0">
  <testcase classname="automation.testsuite.TS_PracticeLocateElement" name="isMultiCheckboxSelected" time="8.396"/>
  <system-out/>
</testsuite> <!-- automation.testsuite.TS_PracticeLocateElement -->
