<?xml version="1.0" encoding="UTF-8"?>
<!-- Generated by org.testng.reporters.JUnitReportReporter -->
<testsuite hostname="Admin-PC" failures="0" tests="1" name="automation.testsuite.LoginTestFactory" time="5.269" errors="0" timestamp="2023-07-01T23:56:54 GMT+07:00" skipped="0">
  <testcase classname="automation.testsuite.LoginTestFactory" name="TestLoginSuccessfully" time="5.269"/>
  <system-out/>
</testsuite> <!-- automation.testsuite.LoginTestFactory -->
