<?xml version="1.0" encoding="UTF-8"?>
<!-- Generated by org.testng.reporters.JUnitReportReporter -->
<testsuite hostname="Admin-PC" failures="0" tests="1" name="alert_windows_iframe.IFrame" time="1.230" errors="0" timestamp="2023-07-15T10:17:31 GMT+07:00" skipped="0">
  <testcase classname="alert_windows_iframe.IFrame" name="handleIFrame" time="1.230"/>
  <system-out/>
</testsuite> <!-- alert_windows_iframe.IFrame -->
