<?xml version="1.0" encoding="UTF-8"?>
<!-- Generated by org.testng.reporters.JUnitReportReporter -->
<testsuite hostname="Admin-PC" failures="0" tests="1" name="automation.testsuite.LoginTest" time="3.025" errors="0" timestamp="2023-07-06T19:59:00 GMT+07:00" skipped="0">
  <testcase classname="automation.testsuite.LoginTest" name="loginFail_IncorrectPass" time="3.025"/>
  <system-out/>
</testsuite> <!-- automation.testsuite.LoginTest -->
