<?xml version="1.0" encoding="UTF-8"?>
<!-- Generated by org.testng.reporters.JUnitReportReporter -->
<testsuite hostname="Admin-PC" failures="0" tests="2" name="automation.testsuite.Day12_Checkbox_Radio_Dropdown" time="3.612" errors="0" timestamp="2023-07-03T22:25:46 GMT+07:00" skipped="0">
  <testcase classname="automation.testsuite.Day12_Checkbox_Radio_Dropdown" name="isRadioButtonSelected" time="1.682"/>
  <system-out/>
  <testcase classname="automation.testsuite.Day12_Checkbox_Radio_Dropdown" name="selectDropdownlist" time="1.930"/>
  <system-out/>
</testsuite> <!-- automation.testsuite.Day12_Checkbox_Radio_Dropdown -->
