<?xml version="1.0" encoding="UTF-8"?>
<!-- Generated by org.testng.reporters.JUnitReportReporter -->
<testsuite hostname="Admin-PC" failures="0" tests="1" name="automation.testsuite.LoginTest_Day13" time="3.258" errors="0" timestamp="2023-07-13T18:48:12 GMT+07:00" skipped="0">
  <testcase classname="automation.testsuite.LoginTest_Day13" name="loginFail_IncorrectPass" time="3.258"/>
  <system-out/>
</testsuite> <!-- automation.testsuite.LoginTest_Day13 -->
