<?xml version="1.0" encoding="UTF-8"?>
<!-- Generated by org.testng.reporters.JUnitReportReporter -->
<testsuite hostname="Admin-PC" failures="0" tests="1" name="automation.testsuite.Day12_MultiCheckbox" time="6.122" errors="0" timestamp="2023-07-03T22:25:46 GMT+07:00" skipped="0">
  <testcase classname="automation.testsuite.Day12_MultiCheckbox" name="multiCheckbox" time="6.122"/>
  <system-out/>
</testsuite> <!-- automation.testsuite.Day12_MultiCheckbox -->
