<?xml version="1.0" encoding="UTF-8"?>
<!-- Generated by org.testng.reporters.JUnitReportReporter -->
<testsuite hostname="Admin-PC" failures="0" tests="1" name="automation.testsuite.ProjectTest_Day20" time="10.893" errors="0" timestamp="2023-08-02T17:17:02 GMT+07:00" skipped="0">
  <testcase classname="automation.testsuite.ProjectTest_Day20" name="AddProjectSuccessFully" time="10.893"/>
  <system-out/>
</testsuite> <!-- automation.testsuite.ProjectTest_Day20 -->
