<?xml version="1.0" encoding="UTF-8"?>
<!-- Generated by org.testng.reporters.JUnitReportReporter -->
<testsuite hostname="Admin-PC" failures="0" tests="1" name="alert_day16.AlertSenKeys" time="5.351" errors="0" timestamp="2023-07-13T18:37:44 GMT+07:00" skipped="0">
  <testcase classname="alert_day16.AlertSenKeys" name="TestAlert02" time="5.351"/>
  <system-out/>
</testsuite> <!-- alert_day16.AlertSenKeys -->
