<?xml version="1.0" encoding="UTF-8"?>
<!-- Generated by org.testng.reporters.JUnitReportReporter -->
<testsuite hostname="Admin-PC" failures="0" tests="1" name="automation.testsuite.LoginTestFactory_Day14" time="4.794" errors="0" timestamp="2023-07-06T18:39:44 GMT+07:00" skipped="0">
  <testcase classname="automation.testsuite.LoginTestFactory_Day14" name="TestLoginSuccessfully_CorrectEmailPassword" time="4.794"/>
  <system-out/>
</testsuite> <!-- automation.testsuite.LoginTestFactory_Day14 -->
