<?xml version="1.0" encoding="UTF-8"?>
<!-- Generated by org.testng.reporters.JUnitReportReporter -->
<testsuite hostname="Admin-PC" failures="0" tests="1" name="automation.testsuite.TS_Login" time="4.827" errors="0" timestamp="2023-06-30T23:09:38 GMT+07:00" skipped="0">
  <testcase classname="automation.testsuite.TS_Login" name="LoginSuccessfully" time="4.827"/>
  <system-out/>
</testsuite> <!-- automation.testsuite.TS_Login -->
