<?xml version="1.0" encoding="UTF-8"?>
<!-- Generated by org.testng.reporters.JUnitReportReporter -->
<testsuite hostname="Admin-PC" failures="0" tests="1" name="alert_windows_iframe.WindowsPopup" time="9.663" errors="0" timestamp="2023-07-15T07:50:33 GMT+07:00" skipped="0">
  <testcase classname="alert_windows_iframe.WindowsPopup" name="TestPopupWindow" time="9.663"/>
  <system-out/>
</testsuite> <!-- alert_windows_iframe.WindowsPopup -->
