<?xml version="1.0" encoding="UTF-8"?>
<!-- Generated by org.testng.reporters.JUnitReportReporter -->
<testsuite hostname="Admin-PC" failures="0" tests="1" name="alert_day16.HandleAlert" time="11.789" errors="0" timestamp="2023-07-13T15:21:20 GMT+07:00" skipped="0">
  <testcase classname="alert_day16.HandleAlert" name="TestAlert01" time="11.789"/>
  <system-out/>
</testsuite> <!-- alert_day16.HandleAlert -->
